

        --------------------
*    |- SUMMARY OF PARTITION
        --------------------

        # SUBDOMAINS=                 671
        TOTAL # NODES=             698605 (INTERIOR+REPEATED BOUNDARY)

        MIN. # NPOIN=                 979 (SUBDOMAIN   642)
        MAX. # NPOIN=                1125 (SUBDOMAIN   568)
        AVE. # NPOIN=                1041
        MIN. # NELEM=                 703 (SUBDOMAIN    19)
        MAX. # NELEM=                 745 (SUBDOMAIN     3)
        AVE. # NELEM=                 723
        LB     NELEM=               0.970
        MIN. # NELEM(WEIGHT)=        5624 (SUBDOMAIN    19)
        MAX. # NELEM(WEIGHT)=        5960 (SUBDOMAIN     3)
        AVE. # NELEM(WEIGHT)=        5788
        LB     NELEM(WEIGHT)=       0.971
        MIN. # NBOUN=                   0 (SUBDOMAIN     1)
        MAX. # NBOUN=                   0 (SUBDOMAIN     1)
        AVE. # NBOUN=                   0
        MIN. # NZDOM=               21289 (SUBDOMAIN   642)
        MAX. # NZDOM=               23299 (SUBDOMAIN   568)
        AVE. # NZDOM=               22189

        MIN. # NNEIG=                   4 (SUBDOMAIN    59)
        MAX. # NNEIG=                  22 (SUBDOMAIN    86)
        AVE. # NNEIG=                  12
        MIN. # NBBOU=                 279 (SUBDOMAIN   488)
        MAX. # NBBOU=                 690 (SUBDOMAIN   585)
        AVE. # NBBOU=                 519


        -----------------------------
     |- LOAD BALANCE & COMMUNICATIONS
        -----------------------------

         # % elements % boundaries % neighbors
          0.000E+00  0.000E+00  2.832E+00
          0.000E+00  0.000E+00  0.000E+00
          0.000E+00  1.490E-01  0.000E+00
          0.000E+00  4.471E-01  3.726E+00
          0.000E+00  4.471E-01  0.000E+00
          0.000E+00  1.490E-01  6.408E+00
          0.000E+00  1.192E+00  0.000E+00
          0.000E+00  4.024E+00  5.812E+00
          0.000E+00  5.514E+00  1.118E+01
          0.000E+00  1.297E+01  9.389E+00
          1.000E+02  5.022E+01  2.235E+01
          0.000E+00  2.101E+01  1.773E+01
          0.000E+00  3.577E+00  7.601E+00
          0.000E+00  2.981E-01  6.110E+00
          0.000E+00  0.000E+00  4.471E+00
          0.000E+00  0.000E+00  1.788E+00
          0.000E+00  0.000E+00  2.981E-01
          0.000E+00  0.000E+00  2.981E-01
          0.000E+00  0.000E+00  0.000E+00
          0.000E+00  0.000E+00  0.000E+00
          0.000E+00  0.000E+00  0.000E+00
